This file contains any messages produced by compilers while
running configure, to aid debugging if configure makes a mistake.

It was created by dsmh configure 1.0, which was
generated by GNU Autoconf 2.69.  Invocation command line was

  $ ./configure --prefix /home/hongweiwu/test_dsmh --no-create --no-recursion

## --------- ##
## Platform. ##
## --------- ##

hostname = localhost.localdomain
uname -m = x86_64
uname -r = 3.17.2-200.fc20.x86_64
uname -s = Linux
uname -v = #1 SMP Tue Nov 4 18:04:56 UTC 2014

/usr/bin/uname -p = x86_64
/bin/uname -X     = unknown

/bin/arch              = x86_64
/usr/bin/arch -k       = unknown
/usr/convex/getsysinfo = unknown
/usr/bin/hostinfo      = unknown
/bin/machine           = unknown
/usr/bin/oslevel       = unknown
/bin/universe          = unknown

PATH: /usr/local/bin
PATH: /usr/bin
PATH: /bin
PATH: /usr/local/sbin
PATH: /usr/sbin
PATH: /usr/lib64/mpich/bin/
PATH: /home/hongweiwu/hadoop/bin
PATH: /home/hongweiwu/hadoop/sbin
PATH: /home/hongweiwu/.local/bin
PATH: /home/hongweiwu/bin
PATH: /usr/lib64/mpich/bin/
PATH: /home/hongweiwu/hadoop/bin
PATH: /home/hongweiwu/hadoop/sbin


## ----------- ##
## Core tests. ##
## ----------- ##

configure:2350: checking for g++
configure:2366: found /usr/bin/g++
configure:2377: result: g++
configure:2404: checking for C++ compiler version
configure:2413: g++ --version >&5
g++ (GCC) 4.8.3 20140911 (Red Hat 4.8.3-7)
Copyright (C) 2013 Free Software Foundation, Inc.
This is free software; see the source for copying conditions.  There is NO
warranty; not even for MERCHANTABILITY or FITNESS FOR A PARTICULAR PURPOSE.

configure:2424: $? = 0
configure:2413: g++ -v >&5
Using built-in specs.
COLLECT_GCC=g++
COLLECT_LTO_WRAPPER=/usr/libexec/gcc/x86_64-redhat-linux/4.8.3/lto-wrapper
Target: x86_64-redhat-linux
Configured with: ../configure --prefix=/usr --mandir=/usr/share/man --infodir=/usr/share/info --with-bugurl=http://bugzilla.redhat.com/bugzilla --enable-bootstrap --enable-shared --enable-threads=posix --enable-checking=release --with-system-zlib --enable-__cxa_atexit --disable-libunwind-exceptions --enable-gnu-unique-object --enable-linker-build-id --with-linker-hash-style=gnu --enable-languages=c,c++,objc,obj-c++,java,fortran,ada,go,lto --enable-plugin --enable-initfini-array --enable-java-awt=gtk --disable-dssi --with-java-home=/usr/lib/jvm/java-1.5.0-gcj-1.5.0.0/jre --enable-libgcj-multifile --enable-java-maintainer-mode --with-ecj-jar=/usr/share/java/eclipse-ecj.jar --disable-libjava-multilib --with-isl=/builddir/build/BUILD/gcc-4.8.3-20140911/obj-x86_64-redhat-linux/isl-install --with-cloog=/builddir/build/BUILD/gcc-4.8.3-20140911/obj-x86_64-redhat-linux/cloog-install --with-tune=generic --with-arch_32=i686 --build=x86_64-redhat-linux
Thread model: posix
gcc version 4.8.3 20140911 (Red Hat 4.8.3-7) (GCC) 
configure:2424: $? = 0
configure:2413: g++ -V >&5
g++: error: unrecognized command line option '-V'
g++: fatal error: no input files
compilation terminated.
configure:2424: $? = 4
configure:2413: g++ -qversion >&5
g++: error: unrecognized command line option '-qversion'
g++: fatal error: no input files
compilation terminated.
configure:2424: $? = 4
configure:2444: checking whether the C++ compiler works
configure:2466: g++    conftest.cpp  >&5
configure:2470: $? = 0
configure:2518: result: yes
configure:2521: checking for C++ compiler default output file name
configure:2523: result: a.out
configure:2529: checking for suffix of executables
configure:2536: g++ -o conftest    conftest.cpp  >&5
configure:2540: $? = 0
configure:2562: result: 
configure:2584: checking whether we are cross compiling
configure:2592: g++ -o conftest    conftest.cpp  >&5
configure:2596: $? = 0
configure:2603: ./conftest
configure:2607: $? = 0
configure:2622: result: no
configure:2627: checking for suffix of object files
configure:2649: g++ -c   conftest.cpp >&5
configure:2653: $? = 0
configure:2674: result: o
configure:2678: checking whether we are using the GNU C++ compiler
configure:2697: g++ -c   conftest.cpp >&5
configure:2697: $? = 0
configure:2706: result: yes
configure:2715: checking whether g++ accepts -g
configure:2735: g++ -c -g  conftest.cpp >&5
configure:2735: $? = 0
configure:2776: result: yes
configure:2847: checking for gcc
configure:2863: found /usr/bin/gcc
configure:2874: result: gcc
configure:3103: checking for C compiler version
configure:3112: gcc --version >&5
gcc (GCC) 4.8.3 20140911 (Red Hat 4.8.3-7)
Copyright (C) 2013 Free Software Foundation, Inc.
This is free software; see the source for copying conditions.  There is NO
warranty; not even for MERCHANTABILITY or FITNESS FOR A PARTICULAR PURPOSE.

configure:3123: $? = 0
configure:3112: gcc -v >&5
Using built-in specs.
COLLECT_GCC=gcc
COLLECT_LTO_WRAPPER=/usr/libexec/gcc/x86_64-redhat-linux/4.8.3/lto-wrapper
Target: x86_64-redhat-linux
Configured with: ../configure --prefix=/usr --mandir=/usr/share/man --infodir=/usr/share/info --with-bugurl=http://bugzilla.redhat.com/bugzilla --enable-bootstrap --enable-shared --enable-threads=posix --enable-checking=release --with-system-zlib --enable-__cxa_atexit --disable-libunwind-exceptions --enable-gnu-unique-object --enable-linker-build-id --with-linker-hash-style=gnu --enable-languages=c,c++,objc,obj-c++,java,fortran,ada,go,lto --enable-plugin --enable-initfini-array --enable-java-awt=gtk --disable-dssi --with-java-home=/usr/lib/jvm/java-1.5.0-gcj-1.5.0.0/jre --enable-libgcj-multifile --enable-java-maintainer-mode --with-ecj-jar=/usr/share/java/eclipse-ecj.jar --disable-libjava-multilib --with-isl=/builddir/build/BUILD/gcc-4.8.3-20140911/obj-x86_64-redhat-linux/isl-install --with-cloog=/builddir/build/BUILD/gcc-4.8.3-20140911/obj-x86_64-redhat-linux/cloog-install --with-tune=generic --with-arch_32=i686 --build=x86_64-redhat-linux
Thread model: posix
gcc version 4.8.3 20140911 (Red Hat 4.8.3-7) (GCC) 
configure:3123: $? = 0
configure:3112: gcc -V >&5
gcc: error: unrecognized command line option '-V'
gcc: fatal error: no input files
compilation terminated.
configure:3123: $? = 4
configure:3112: gcc -qversion >&5
gcc: error: unrecognized command line option '-qversion'
gcc: fatal error: no input files
compilation terminated.
configure:3123: $? = 4
configure:3127: checking whether we are using the GNU C compiler
configure:3146: gcc -c   conftest.c >&5
configure:3146: $? = 0
configure:3155: result: yes
configure:3164: checking whether gcc accepts -g
configure:3184: gcc -c -g  conftest.c >&5
configure:3184: $? = 0
configure:3225: result: yes
configure:3242: checking for gcc option to accept ISO C89
configure:3305: gcc  -c -g -O2  conftest.c >&5
configure:3305: $? = 0
configure:3318: result: none needed
configure:3348: checking whether g++ supports C++11 features by default
configure:3642: g++ -c -g -O2  conftest.cpp >&5
conftest.cpp:20:2: error: #error "This is not a C++11 compiler"
 #error "This is not a C++11 compiler"
  ^
configure:3642: $? = 1
configure: failed program was:
| /* confdefs.h */
| #define PACKAGE_NAME "dsmh"
| #define PACKAGE_TARNAME "dsmh"
| #define PACKAGE_VERSION "1.0"
| #define PACKAGE_STRING "dsmh 1.0"
| #define PACKAGE_BUGREPORT "hongwei.wu@atl.frb.org"
| #define PACKAGE_URL ""
| /* end confdefs.h.  */
| 
| 
| // If the compiler admits that it is not ready for C++11, why torture it?
| // Hopefully, this will speed up the test.
| 
| #ifndef __cplusplus
| 
| #error "This is not a C++ compiler"
| 
| #elif __cplusplus < 201103L
| 
| #error "This is not a C++11 compiler"
| 
| #else
| 
| namespace cxx11
| {
| 
|   namespace test_static_assert
|   {
| 
|     template <typename T>
|     struct check
|     {
|       static_assert(sizeof(int) <= sizeof(T), "not big enough");
|     };
| 
|   }
| 
|   namespace test_final_override
|   {
| 
|     struct Base
|     {
|       virtual void f() {}
|     };
| 
|     struct Derived : public Base
|     {
|       virtual void f() override {}
|     };
| 
|   }
| 
|   namespace test_double_right_angle_brackets
|   {
| 
|     template < typename T >
|     struct check {};
| 
|     typedef check<void> single_type;
|     typedef check<check<void>> double_type;
|     typedef check<check<check<void>>> triple_type;
|     typedef check<check<check<check<void>>>> quadruple_type;
| 
|   }
| 
|   namespace test_decltype
|   {
| 
|     int
|     f()
|     {
|       int a = 1;
|       decltype(a) b = 2;
|       return a + b;
|     }
| 
|   }
| 
|   namespace test_type_deduction
|   {
| 
|     template < typename T1, typename T2 >
|     struct is_same
|     {
|       static const bool value = false;
|     };
| 
|     template < typename T >
|     struct is_same<T, T>
|     {
|       static const bool value = true;
|     };
| 
|     template < typename T1, typename T2 >
|     auto
|     add(T1 a1, T2 a2) -> decltype(a1 + a2)
|     {
|       return a1 + a2;
|     }
| 
|     int
|     test(const int c, volatile int v)
|     {
|       static_assert(is_same<int, decltype(0)>::value == true, "");
|       static_assert(is_same<int, decltype(c)>::value == false, "");
|       static_assert(is_same<int, decltype(v)>::value == false, "");
|       auto ac = c;
|       auto av = v;
|       auto sumi = ac + av + 'x';
|       auto sumf = ac + av + 1.0;
|       static_assert(is_same<int, decltype(ac)>::value == true, "");
|       static_assert(is_same<int, decltype(av)>::value == true, "");
|       static_assert(is_same<int, decltype(sumi)>::value == true, "");
|       static_assert(is_same<int, decltype(sumf)>::value == false, "");
|       static_assert(is_same<int, decltype(add(c, v))>::value == true, "");
|       return (sumf > 0.0) ? sumi : add(c, v);
|     }
| 
|   }
| 
|   namespace test_noexcept
|   {
| 
|     int f() { return 0; }
|     int g() noexcept { return 0; }
| 
|     static_assert(noexcept(f()) == false, "");
|     static_assert(noexcept(g()) == true, "");
| 
|   }
| 
|   namespace test_constexpr
|   {
| 
|     template < typename CharT >
|     unsigned long constexpr
|     strlen_c_r(const CharT *const s, const unsigned long acc) noexcept
|     {
|       return *s ? strlen_c_r(s + 1, acc + 1) : acc;
|     }
| 
|     template < typename CharT >
|     unsigned long constexpr
|     strlen_c(const CharT *const s) noexcept
|     {
|       return strlen_c_r(s, 0UL);
|     }
| 
|     static_assert(strlen_c("") == 0UL, "");
|     static_assert(strlen_c("1") == 1UL, "");
|     static_assert(strlen_c("example") == 7UL, "");
|     static_assert(strlen_c("another\0example") == 7UL, "");
| 
|   }
| 
|   namespace test_rvalue_references
|   {
| 
|     template < int N >
|     struct answer
|     {
|       static constexpr int value = N;
|     };
| 
|     answer<1> f(int&)       { return answer<1>(); }
|     answer<2> f(const int&) { return answer<2>(); }
|     answer<3> f(int&&)      { return answer<3>(); }
| 
|     void
|     test()
|     {
|       int i = 0;
|       const int c = 0;
|       static_assert(decltype(f(i))::value == 1, "");
|       static_assert(decltype(f(c))::value == 2, "");
|       static_assert(decltype(f(0))::value == 3, "");
|     }
| 
|   }
| 
|   namespace test_uniform_initialization
|   {
| 
|     struct test
|     {
|       static const int zero {};
|       static const int one {1};
|     };
| 
|     static_assert(test::zero == 0, "");
|     static_assert(test::one == 1, "");
| 
|   }
| 
|   namespace test_lambdas
|   {
| 
|     void
|     test1()
|     {
|       auto lambda1 = [](){};
|       auto lambda2 = lambda1;
|       lambda1();
|       lambda2();
|     }
| 
|     int
|     test2()
|     {
|       auto a = [](int i, int j){ return i + j; }(1, 2);
|       auto b = []() -> int { return '0'; }();
|       auto c = [=](){ return a + b; }();
|       auto d = [&](){ return c; }();
|       auto e = [a, &b](int x) mutable {
|         const auto identity = [](int y){ return y; };
|         for (auto i = 0; i < a; ++i)
|           a += b--;
|         return x + identity(a + b);
|       }(0);
|       return a + b + c + d + e;
|     }
| 
|     int
|     test3()
|     {
|       const auto nullary = [](){ return 0; };
|       const auto unary = [](int x){ return x; };
|       using nullary_t = decltype(nullary);
|       using unary_t = decltype(unary);
|       const auto higher1st = [](nullary_t f){ return f(); };
|       const auto higher2nd = [unary](nullary_t f1){
|         return [unary, f1](unary_t f2){ return f2(unary(f1())); };
|       };
|       return higher1st(nullary) + higher2nd(nullary)(unary);
|     }
| 
|   }
| 
|   namespace test_variadic_templates
|   {
| 
|     template <int...>
|     struct sum;
| 
|     template <int N0, int... N1toN>
|     struct sum<N0, N1toN...>
|     {
|       static constexpr auto value = N0 + sum<N1toN...>::value;
|     };
| 
|     template <>
|     struct sum<>
|     {
|       static constexpr auto value = 0;
|     };
| 
|     static_assert(sum<>::value == 0, "");
|     static_assert(sum<1>::value == 1, "");
|     static_assert(sum<23>::value == 23, "");
|     static_assert(sum<1, 2>::value == 3, "");
|     static_assert(sum<5, 5, 11>::value == 21, "");
|     static_assert(sum<2, 3, 5, 7, 11, 13>::value == 41, "");
| 
|   }
| 
|   // http://stackoverflow.com/questions/13728184/template-aliases-and-sfinae
|   // Clang 3.1 fails with headers of libstd++ 4.8.3 when using std::function
|   // because of this.
|   namespace test_template_alias_sfinae
|   {
| 
|     struct foo {};
| 
|     template<typename T>
|     using member = typename T::member_type;
| 
|     template<typename T>
|     void func(...) {}
| 
|     template<typename T>
|     void func(member<T>*) {}
| 
|     void test();
| 
|     void test() { func<foo>(0); }
| 
|   }
| 
| }  // namespace cxx11
| 
| #endif  // __cplusplus >= 201103L
| 
| 
| 
configure:3649: result: no
configure:3658: checking whether g++ supports C++11 features with -std=gnu++11
configure:3954: g++ -c -g -O2 -std=gnu++11  conftest.cpp >&5
configure:3954: $? = 0
configure:3963: result: yes
configure:4362: checking for a BSD-compatible install
configure:4430: result: /usr/bin/install -c
configure:4441: checking whether build environment is sane
configure:4496: result: yes
configure:4647: checking for a thread-safe mkdir -p
configure:4686: result: /usr/bin/mkdir -p
configure:4693: checking for gawk
configure:4709: found /usr/bin/gawk
configure:4720: result: gawk
configure:4731: checking whether make sets $(MAKE)
configure:4753: result: yes
configure:4783: checking for style of include used by make
configure:4811: result: GNU
configure:4845: checking whether make supports nested variables
configure:4862: result: yes
configure:4947: checking dependency style of gcc
configure:5058: result: gcc3
configure:5075: checking dependency style of g++
configure:5186: result: gcc3
configure:5221: checking how to run the C++ preprocessor
configure:5248: g++ -E  conftest.cpp
configure:5248: $? = 0
configure:5262: g++ -E  conftest.cpp
conftest.cpp:11:28: fatal error: ac_nonexistent.h: No such file or directory
 #include <ac_nonexistent.h>
                            ^
compilation terminated.
configure:5262: $? = 1
configure: failed program was:
| /* confdefs.h */
| #define PACKAGE_NAME "dsmh"
| #define PACKAGE_TARNAME "dsmh"
| #define PACKAGE_VERSION "1.0"
| #define PACKAGE_STRING "dsmh 1.0"
| #define PACKAGE_BUGREPORT "hongwei.wu@atl.frb.org"
| #define PACKAGE_URL ""
| #define PACKAGE "dsmh"
| #define VERSION "1.0"
| /* end confdefs.h.  */
| #include <ac_nonexistent.h>
configure:5287: result: g++ -E
configure:5307: g++ -E  conftest.cpp
configure:5307: $? = 0
configure:5321: g++ -E  conftest.cpp
conftest.cpp:11:28: fatal error: ac_nonexistent.h: No such file or directory
 #include <ac_nonexistent.h>
                            ^
compilation terminated.
configure:5321: $? = 1
configure: failed program was:
| /* confdefs.h */
| #define PACKAGE_NAME "dsmh"
| #define PACKAGE_TARNAME "dsmh"
| #define PACKAGE_VERSION "1.0"
| #define PACKAGE_STRING "dsmh 1.0"
| #define PACKAGE_BUGREPORT "hongwei.wu@atl.frb.org"
| #define PACKAGE_URL ""
| #define PACKAGE "dsmh"
| #define VERSION "1.0"
| /* end confdefs.h.  */
| #include <ac_nonexistent.h>
configure:5350: checking for grep that handles long lines and -e
configure:5408: result: /usr/bin/grep
configure:5413: checking for egrep
configure:5475: result: /usr/bin/grep -E
configure:5480: checking for ANSI C header files
configure:5500: g++ -c -g -O2 -std=gnu++11  conftest.cpp >&5
configure:5500: $? = 0
configure:5573: g++ -o conftest -g -O2 -std=gnu++11   conftest.cpp  >&5
configure:5573: $? = 0
configure:5573: ./conftest
configure:5573: $? = 0
configure:5584: result: yes
configure:5597: checking for sys/types.h
configure:5597: g++ -c -g -O2 -std=gnu++11  conftest.cpp >&5
configure:5597: $? = 0
configure:5597: result: yes
configure:5597: checking for sys/stat.h
configure:5597: g++ -c -g -O2 -std=gnu++11  conftest.cpp >&5
configure:5597: $? = 0
configure:5597: result: yes
configure:5597: checking for stdlib.h
configure:5597: g++ -c -g -O2 -std=gnu++11  conftest.cpp >&5
configure:5597: $? = 0
configure:5597: result: yes
configure:5597: checking for string.h
configure:5597: g++ -c -g -O2 -std=gnu++11  conftest.cpp >&5
configure:5597: $? = 0
configure:5597: result: yes
configure:5597: checking for memory.h
configure:5597: g++ -c -g -O2 -std=gnu++11  conftest.cpp >&5
configure:5597: $? = 0
configure:5597: result: yes
configure:5597: checking for strings.h
configure:5597: g++ -c -g -O2 -std=gnu++11  conftest.cpp >&5
configure:5597: $? = 0
configure:5597: result: yes
configure:5597: checking for inttypes.h
configure:5597: g++ -c -g -O2 -std=gnu++11  conftest.cpp >&5
configure:5597: $? = 0
configure:5597: result: yes
configure:5597: checking for stdint.h
configure:5597: g++ -c -g -O2 -std=gnu++11  conftest.cpp >&5
configure:5597: $? = 0
configure:5597: result: yes
configure:5597: checking for unistd.h
configure:5597: g++ -c -g -O2 -std=gnu++11  conftest.cpp >&5
configure:5597: $? = 0
configure:5597: result: yes
configure:5609: checking for size_t
configure:5609: g++ -c -g -O2 -std=gnu++11  conftest.cpp >&5
configure:5609: $? = 0
configure:5609: g++ -c -g -O2 -std=gnu++11  conftest.cpp >&5
conftest.cpp: In function 'int main()':
conftest.cpp:57:20: error: expected primary-expression before ')' token
 if (sizeof ((size_t)))
                    ^
configure:5609: $? = 1
configure: failed program was:
| /* confdefs.h */
| #define PACKAGE_NAME "dsmh"
| #define PACKAGE_TARNAME "dsmh"
| #define PACKAGE_VERSION "1.0"
| #define PACKAGE_STRING "dsmh 1.0"
| #define PACKAGE_BUGREPORT "hongwei.wu@atl.frb.org"
| #define PACKAGE_URL ""
| #define PACKAGE "dsmh"
| #define VERSION "1.0"
| #define STDC_HEADERS 1
| #define HAVE_SYS_TYPES_H 1
| #define HAVE_SYS_STAT_H 1
| #define HAVE_STDLIB_H 1
| #define HAVE_STRING_H 1
| #define HAVE_MEMORY_H 1
| #define HAVE_STRINGS_H 1
| #define HAVE_INTTYPES_H 1
| #define HAVE_STDINT_H 1
| #define HAVE_UNISTD_H 1
| /* end confdefs.h.  */
| #include <stdio.h>
| #ifdef HAVE_SYS_TYPES_H
| # include <sys/types.h>
| #endif
| #ifdef HAVE_SYS_STAT_H
| # include <sys/stat.h>
| #endif
| #ifdef STDC_HEADERS
| # include <stdlib.h>
| # include <stddef.h>
| #else
| # ifdef HAVE_STDLIB_H
| #  include <stdlib.h>
| # endif
| #endif
| #ifdef HAVE_STRING_H
| # if !defined STDC_HEADERS && defined HAVE_MEMORY_H
| #  include <memory.h>
| # endif
| # include <string.h>
| #endif
| #ifdef HAVE_STRINGS_H
| # include <strings.h>
| #endif
| #ifdef HAVE_INTTYPES_H
| # include <inttypes.h>
| #endif
| #ifdef HAVE_STDINT_H
| # include <stdint.h>
| #endif
| #ifdef HAVE_UNISTD_H
| # include <unistd.h>
| #endif
| int
| main ()
| {
| if (sizeof ((size_t)))
| 	    return 0;
|   ;
|   return 0;
| }
configure:5609: result: yes
configure:5626: checking whether to compile using MPI
configure:5633: result: yes
configure:5854: checking for C++ compiler version
configure:5863: g++ --version >&5
g++ (GCC) 4.8.3 20140911 (Red Hat 4.8.3-7)
Copyright (C) 2013 Free Software Foundation, Inc.
This is free software; see the source for copying conditions.  There is NO
warranty; not even for MERCHANTABILITY or FITNESS FOR A PARTICULAR PURPOSE.

configure:5874: $? = 0
configure:5863: g++ -v >&5
Using built-in specs.
COLLECT_GCC=g++
COLLECT_LTO_WRAPPER=/usr/libexec/gcc/x86_64-redhat-linux/4.8.3/lto-wrapper
Target: x86_64-redhat-linux
Configured with: ../configure --prefix=/usr --mandir=/usr/share/man --infodir=/usr/share/info --with-bugurl=http://bugzilla.redhat.com/bugzilla --enable-bootstrap --enable-shared --enable-threads=posix --enable-checking=release --with-system-zlib --enable-__cxa_atexit --disable-libunwind-exceptions --enable-gnu-unique-object --enable-linker-build-id --with-linker-hash-style=gnu --enable-languages=c,c++,objc,obj-c++,java,fortran,ada,go,lto --enable-plugin --enable-initfini-array --enable-java-awt=gtk --disable-dssi --with-java-home=/usr/lib/jvm/java-1.5.0-gcj-1.5.0.0/jre --enable-libgcj-multifile --enable-java-maintainer-mode --with-ecj-jar=/usr/share/java/eclipse-ecj.jar --disable-libjava-multilib --with-isl=/builddir/build/BUILD/gcc-4.8.3-20140911/obj-x86_64-redhat-linux/isl-install --with-cloog=/builddir/build/BUILD/gcc-4.8.3-20140911/obj-x86_64-redhat-linux/cloog-install --with-tune=generic --with-arch_32=i686 --build=x86_64-redhat-linux
Thread model: posix
gcc version 4.8.3 20140911 (Red Hat 4.8.3-7) (GCC) 
configure:5874: $? = 0
configure:5863: g++ -V >&5
g++: error: unrecognized command line option '-V'
g++: fatal error: no input files
compilation terminated.
configure:5874: $? = 4
configure:5863: g++ -qversion >&5
g++: error: unrecognized command line option '-qversion'
g++: fatal error: no input files
compilation terminated.
configure:5874: $? = 4
configure:5878: checking whether we are using the GNU C++ compiler
configure:5906: result: yes
configure:5915: checking whether g++ accepts -g
configure:5976: result: yes
configure:6026: checking for function MPI_Init
configure:6047: g++ -o conftest -g -O2 -std=gnu++11   conftest.cpp  >&5
/tmp/ccs9KEO0.o: In function `main':
/home/hongweiwu/dsmh_package/conftest.cpp:28: undefined reference to `MPI_Init'
collect2: error: ld returned 1 exit status
configure:6047: $? = 1
configure: failed program was:
| /* confdefs.h */
| #define PACKAGE_NAME "dsmh"
| #define PACKAGE_TARNAME "dsmh"
| #define PACKAGE_VERSION "1.0"
| #define PACKAGE_STRING "dsmh 1.0"
| #define PACKAGE_BUGREPORT "hongwei.wu@atl.frb.org"
| #define PACKAGE_URL ""
| #define PACKAGE "dsmh"
| #define VERSION "1.0"
| #define STDC_HEADERS 1
| #define HAVE_SYS_TYPES_H 1
| #define HAVE_SYS_STAT_H 1
| #define HAVE_STDLIB_H 1
| #define HAVE_STRING_H 1
| #define HAVE_MEMORY_H 1
| #define HAVE_STRINGS_H 1
| #define HAVE_INTTYPES_H 1
| #define HAVE_STDINT_H 1
| #define HAVE_UNISTD_H 1
| /* end confdefs.h.  */
| 
| 
| extern "C" { void MPI_Init(); }
| 
| int
| main ()
| {
| MPI_Init();
|   ;
|   return 0;
| }
configure:6054: result: no
configure:6029: checking for function MPI_Init in -lmpi
configure:6047: g++ -o conftest -g -O2 -std=gnu++11   conftest.cpp -lmpi  >&5
configure:6047: $? = 0
configure:6054: result: yes
configure:6065: checking for mpi.h
configure:6078: g++ -c -g -O2 -std=gnu++11  conftest.cpp >&5
configure:6078: $? = 0
configure:6079: result: yes
configure:6117: checking for cos in -lm
configure:6142: g++ -o conftest -g -O2 -std=gnu++11   conftest.cpp -lm  -lmpi  >&5
configure:6142: $? = 0
configure:6151: result: yes
configure:6162: checking for cblas_dgemm in -lgslcblas
configure:6187: g++ -o conftest -g -O2 -std=gnu++11   conftest.cpp -lgslcblas  -lm -lmpi  >&5
configure:6187: $? = 0
configure:6196: result: yes
configure:6207: checking for gsl_blas_dgemm in -lgsl
configure:6232: g++ -o conftest -g -O2 -std=gnu++11   conftest.cpp -lgsl  -lgslcblas -lm -lmpi  >&5
configure:6232: $? = 0
configure:6241: result: yes
configure:6308: checking for gfortran
configure:6324: found /usr/bin/gfortran
configure:6335: result: gfortran
configure:6361: checking for Fortran compiler version
configure:6370: gfortran --version >&5
GNU Fortran (GCC) 4.8.3 20140911 (Red Hat 4.8.3-7)
Copyright (C) 2013 Free Software Foundation, Inc.

GNU Fortran comes with NO WARRANTY, to the extent permitted by law.
You may redistribute copies of GNU Fortran
under the terms of the GNU General Public License.
For more information about these matters, see the file named COPYING

configure:6381: $? = 0
configure:6370: gfortran -v >&5
Using built-in specs.
COLLECT_GCC=gfortran
COLLECT_LTO_WRAPPER=/usr/libexec/gcc/x86_64-redhat-linux/4.8.3/lto-wrapper
Target: x86_64-redhat-linux
Configured with: ../configure --prefix=/usr --mandir=/usr/share/man --infodir=/usr/share/info --with-bugurl=http://bugzilla.redhat.com/bugzilla --enable-bootstrap --enable-shared --enable-threads=posix --enable-checking=release --with-system-zlib --enable-__cxa_atexit --disable-libunwind-exceptions --enable-gnu-unique-object --enable-linker-build-id --with-linker-hash-style=gnu --enable-languages=c,c++,objc,obj-c++,java,fortran,ada,go,lto --enable-plugin --enable-initfini-array --enable-java-awt=gtk --disable-dssi --with-java-home=/usr/lib/jvm/java-1.5.0-gcj-1.5.0.0/jre --enable-libgcj-multifile --enable-java-maintainer-mode --with-ecj-jar=/usr/share/java/eclipse-ecj.jar --disable-libjava-multilib --with-isl=/builddir/build/BUILD/gcc-4.8.3-20140911/obj-x86_64-redhat-linux/isl-install --with-cloog=/builddir/build/BUILD/gcc-4.8.3-20140911/obj-x86_64-redhat-linux/cloog-install --with-tune=generic --with-arch_32=i686 --build=x86_64-redhat-linux
Thread model: posix
gcc version 4.8.3 20140911 (Red Hat 4.8.3-7) (GCC) 
configure:6381: $? = 0
configure:6370: gfortran -V >&5
gfortran: error: unrecognized command line option '-V'
gfortran: fatal error: no input files
compilation terminated.
configure:6381: $? = 4
configure:6370: gfortran -qversion >&5
gfortran: error: unrecognized command line option '-qversion'
gfortran: fatal error: no input files
compilation terminated.
configure:6381: $? = 4
configure:6390: checking whether we are using the GNU Fortran compiler
configure:6403: gfortran -c   conftest.F >&5
configure:6403: $? = 0
configure:6412: result: yes
configure:6418: checking whether gfortran accepts -g
configure:6429: gfortran -c -g  conftest.f >&5
configure:6429: $? = 0
configure:6437: result: yes
configure:6470: checking build system type
configure:6484: result: x86_64-unknown-linux-gnu
configure:6504: checking host system type
configure:6517: result: x86_64-unknown-linux-gnu
configure:6542: checking how to get verbose linking output from gfortran
configure:6552: gfortran -c -g -O2  conftest.f >&5
configure:6552: $? = 0
configure:6570: gfortran -o conftest -g -O2 -v conftest.f -lgsl -lgslcblas -lm -lmpi
Using built-in specs.
Target: x86_64-redhat-linux
Thread model: posix
gcc version 4.8.3 20140911 (Red Hat 4.8.3-7) (GCC) 
 /usr/libexec/gcc/x86_64-redhat-linux/4.8.3/f951 conftest.f -ffixed-form -quiet -dumpbase conftest.f -mtune=generic -march=x86-64 -auxbase conftest -g -O2 -version -fintrinsic-modules-path /usr/lib/gcc/x86_64-redhat-linux/4.8.3/finclude -o /tmp/cckbbBDP.s
GNU Fortran (GCC) version 4.8.3 20140911 (Red Hat 4.8.3-7) (x86_64-redhat-linux)
	compiled by GNU C version 4.8.3 20140911 (Red Hat 4.8.3-7), GMP version 5.1.2, MPFR version 3.1.2, MPC version 1.0.1
GGC heuristics: --param ggc-min-expand=100 --param ggc-min-heapsize=131072
GNU Fortran (GCC) version 4.8.3 20140911 (Red Hat 4.8.3-7) (x86_64-redhat-linux)
	compiled by GNU C version 4.8.3 20140911 (Red Hat 4.8.3-7), GMP version 5.1.2, MPFR version 3.1.2, MPC version 1.0.1
GGC heuristics: --param ggc-min-expand=100 --param ggc-min-heapsize=131072
 as -v --64 -o /tmp/ccEnVKRT.o /tmp/cckbbBDP.s
GNU assembler version 2.23.2 (x86_64-redhat-linux) using BFD version version 2.23.2
Reading specs from /usr/lib/gcc/x86_64-redhat-linux/4.8.3/libgfortran.spec
rename spec lib to liborig
 /usr/libexec/gcc/x86_64-redhat-linux/4.8.3/collect2 --build-id --no-add-needed --eh-frame-hdr --hash-style=gnu -m elf_x86_64 -dynamic-linker /lib64/ld-linux-x86-64.so.2 -o conftest /usr/lib/gcc/x86_64-redhat-linux/4.8.3/../../../../lib64/crt1.o /usr/lib/gcc/x86_64-redhat-linux/4.8.3/../../../../lib64/crti.o /usr/lib/gcc/x86_64-redhat-linux/4.8.3/crtbegin.o -L/usr/lib/gcc/x86_64-redhat-linux/4.8.3 -L/usr/lib/gcc/x86_64-redhat-linux/4.8.3/../../../../lib64 -L/lib/../lib64 -L/usr/lib/../lib64 -L/usr/lib/gcc/x86_64-redhat-linux/4.8.3/../../.. /tmp/ccEnVKRT.o -lgsl -lgslcblas -lgfortran -lm -lmpi -lgfortran -lm -lgcc_s -lgcc -lquadmath -lm -lgcc_s -lgcc -lc -lgcc_s -lgcc /usr/lib/gcc/x86_64-redhat-linux/4.8.3/crtend.o /usr/lib/gcc/x86_64-redhat-linux/4.8.3/../../../../lib64/crtn.o
configure:6653: result: -v
configure:6655: checking for Fortran libraries of gfortran
configure:6678: gfortran -o conftest -g -O2 -v conftest.f -lgsl -lgslcblas -lm -lmpi
Using built-in specs.
Target: x86_64-redhat-linux
Thread model: posix
gcc version 4.8.3 20140911 (Red Hat 4.8.3-7) (GCC) 
 /usr/libexec/gcc/x86_64-redhat-linux/4.8.3/f951 conftest.f -ffixed-form -quiet -dumpbase conftest.f -mtune=generic -march=x86-64 -auxbase conftest -g -O2 -version -fintrinsic-modules-path /usr/lib/gcc/x86_64-redhat-linux/4.8.3/finclude -o /tmp/cco8zP2T.s
GNU Fortran (GCC) version 4.8.3 20140911 (Red Hat 4.8.3-7) (x86_64-redhat-linux)
	compiled by GNU C version 4.8.3 20140911 (Red Hat 4.8.3-7), GMP version 5.1.2, MPFR version 3.1.2, MPC version 1.0.1
GGC heuristics: --param ggc-min-expand=100 --param ggc-min-heapsize=131072
GNU Fortran (GCC) version 4.8.3 20140911 (Red Hat 4.8.3-7) (x86_64-redhat-linux)
	compiled by GNU C version 4.8.3 20140911 (Red Hat 4.8.3-7), GMP version 5.1.2, MPFR version 3.1.2, MPC version 1.0.1
GGC heuristics: --param ggc-min-expand=100 --param ggc-min-heapsize=131072
 as -v --64 -o /tmp/cconPhuY.o /tmp/cco8zP2T.s
GNU assembler version 2.23.2 (x86_64-redhat-linux) using BFD version version 2.23.2
Reading specs from /usr/lib/gcc/x86_64-redhat-linux/4.8.3/libgfortran.spec
rename spec lib to liborig
 /usr/libexec/gcc/x86_64-redhat-linux/4.8.3/collect2 --build-id --no-add-needed --eh-frame-hdr --hash-style=gnu -m elf_x86_64 -dynamic-linker /lib64/ld-linux-x86-64.so.2 -o conftest /usr/lib/gcc/x86_64-redhat-linux/4.8.3/../../../../lib64/crt1.o /usr/lib/gcc/x86_64-redhat-linux/4.8.3/../../../../lib64/crti.o /usr/lib/gcc/x86_64-redhat-linux/4.8.3/crtbegin.o -L/usr/lib/gcc/x86_64-redhat-linux/4.8.3 -L/usr/lib/gcc/x86_64-redhat-linux/4.8.3/../../../../lib64 -L/lib/../lib64 -L/usr/lib/../lib64 -L/usr/lib/gcc/x86_64-redhat-linux/4.8.3/../../.. /tmp/cconPhuY.o -lgsl -lgslcblas -lgfortran -lm -lmpi -lgfortran -lm -lgcc_s -lgcc -lquadmath -lm -lgcc_s -lgcc -lc -lgcc_s -lgcc /usr/lib/gcc/x86_64-redhat-linux/4.8.3/crtend.o /usr/lib/gcc/x86_64-redhat-linux/4.8.3/../../../../lib64/crtn.o
configure:6874: result:  -L/usr/lib/gcc/x86_64-redhat-linux/4.8.3 -L/usr/lib/gcc/x86_64-redhat-linux/4.8.3/../../../../lib64 -L/lib/../lib64 -L/usr/lib/../lib64 -L/usr/lib/gcc/x86_64-redhat-linux/4.8.3/../../.. -lgsl -lgslcblas -lgfortran -lm -lmpi -lquadmath
configure:6891: checking for dummy main to link with Fortran libraries
configure:6925: gcc -o conftest -g -O2   conftest.c -lgsl -lgslcblas -lm -lmpi   -L/usr/lib/gcc/x86_64-redhat-linux/4.8.3 -L/usr/lib/gcc/x86_64-redhat-linux/4.8.3/../../../../lib64 -L/lib/../lib64 -L/usr/lib/../lib64 -L/usr/lib/gcc/x86_64-redhat-linux/4.8.3/../../.. -lgsl -lgslcblas -lgfortran -lm -lmpi -lquadmath >&5
configure:6925: $? = 0
configure:6970: result: none
configure:7003: checking for Fortran name-mangling scheme
configure:7016: gfortran -c -g -O2  conftest.f >&5
configure:7016: $? = 0
configure:7057: gcc -o conftest -g -O2   conftest.c cfortran_test.o -lgsl -lgslcblas -lm -lmpi   -L/usr/lib/gcc/x86_64-redhat-linux/4.8.3 -L/usr/lib/gcc/x86_64-redhat-linux/4.8.3/../../../../lib64 -L/lib/../lib64 -L/usr/lib/../lib64 -L/usr/lib/gcc/x86_64-redhat-linux/4.8.3/../../.. -lgsl -lgslcblas -lgfortran -lm -lmpi -lquadmath >&5
/tmp/ccdbAbPb.o: In function `main':
/home/hongweiwu/dsmh_package/conftest.c:44: undefined reference to `foobar'
collect2: error: ld returned 1 exit status
configure:7057: $? = 1
configure: failed program was:
| /* confdefs.h */
| #define PACKAGE_NAME "dsmh"
| #define PACKAGE_TARNAME "dsmh"
| #define PACKAGE_VERSION "1.0"
| #define PACKAGE_STRING "dsmh 1.0"
| #define PACKAGE_BUGREPORT "hongwei.wu@atl.frb.org"
| #define PACKAGE_URL ""
| #define PACKAGE "dsmh"
| #define VERSION "1.0"
| #define STDC_HEADERS 1
| #define HAVE_SYS_TYPES_H 1
| #define HAVE_SYS_STAT_H 1
| #define HAVE_STDLIB_H 1
| #define HAVE_STRING_H 1
| #define HAVE_MEMORY_H 1
| #define HAVE_STRINGS_H 1
| #define HAVE_INTTYPES_H 1
| #define HAVE_STDINT_H 1
| #define HAVE_UNISTD_H 1
| #define HAVE_MPI 1
| #define HAVE_LIBM 1
| #define HAVE_LIBGSLCBLAS 1
| #define HAVE_LIBGSL 1
| /* end confdefs.h.  */
| 
| /* Override any GCC internal prototype to avoid an error.
|    Use char because int might match the return type of a GCC
|    builtin and then its argument prototype would still apply.  */
| #ifdef __cplusplus
| extern "C"
| #endif
| char foobar ();
| #ifdef FC_DUMMY_MAIN
| #ifndef FC_DUMMY_MAIN_EQ_F77
| #  ifdef __cplusplus
|      extern "C"
| #  endif
|    int FC_DUMMY_MAIN() { return 1; }
| #endif
| #endif
| int
| main ()
| {
| return foobar ();
|   ;
|   return 0;
| }
configure:7057: gcc -o conftest -g -O2   conftest.c cfortran_test.o -lgsl -lgslcblas -lm -lmpi   -L/usr/lib/gcc/x86_64-redhat-linux/4.8.3 -L/usr/lib/gcc/x86_64-redhat-linux/4.8.3/../../../../lib64 -L/lib/../lib64 -L/usr/lib/../lib64 -L/usr/lib/gcc/x86_64-redhat-linux/4.8.3/../../.. -lgsl -lgslcblas -lgfortran -lm -lmpi -lquadmath >&5
configure:7057: $? = 0
configure:7115: gcc -o conftest -g -O2   conftest.c cfortran_test.o -lgsl -lgslcblas -lm -lmpi   -L/usr/lib/gcc/x86_64-redhat-linux/4.8.3 -L/usr/lib/gcc/x86_64-redhat-linux/4.8.3/../../../../lib64 -L/lib/../lib64 -L/usr/lib/../lib64 -L/usr/lib/gcc/x86_64-redhat-linux/4.8.3/../../.. -lgsl -lgslcblas -lgfortran -lm -lmpi -lquadmath >&5
configure:7115: $? = 0
configure:7157: result: lower case, underscore, no extra underscore
configure:7276: checking if sgemm_ is being linked in already
configure:7304: g++ -o conftest -g -O2 -std=gnu++11   conftest.cpp -lgsl -lgslcblas -lm -lmpi   -L/usr/lib/gcc/x86_64-redhat-linux/4.8.3 -L/usr/lib/gcc/x86_64-redhat-linux/4.8.3/../../../../lib64 -L/lib/../lib64 -L/usr/lib/../lib64 -L/usr/lib/gcc/x86_64-redhat-linux/4.8.3/../../.. -lgsl -lgslcblas -lgfortran -lm -lmpi -lquadmath >&5
/tmp/ccuQJuHp.o: In function `main':
/home/hongweiwu/dsmh_package/conftest.cpp:44: undefined reference to `sgemm_'
collect2: error: ld returned 1 exit status
configure:7304: $? = 1
configure: failed program was:
| /* confdefs.h */
| #define PACKAGE_NAME "dsmh"
| #define PACKAGE_TARNAME "dsmh"
| #define PACKAGE_VERSION "1.0"
| #define PACKAGE_STRING "dsmh 1.0"
| #define PACKAGE_BUGREPORT "hongwei.wu@atl.frb.org"
| #define PACKAGE_URL ""
| #define PACKAGE "dsmh"
| #define VERSION "1.0"
| #define STDC_HEADERS 1
| #define HAVE_SYS_TYPES_H 1
| #define HAVE_SYS_STAT_H 1
| #define HAVE_STDLIB_H 1
| #define HAVE_STRING_H 1
| #define HAVE_MEMORY_H 1
| #define HAVE_STRINGS_H 1
| #define HAVE_INTTYPES_H 1
| #define HAVE_STDINT_H 1
| #define HAVE_UNISTD_H 1
| #define HAVE_MPI 1
| #define HAVE_LIBM 1
| #define HAVE_LIBGSLCBLAS 1
| #define HAVE_LIBGSL 1
| /* end confdefs.h.  */
| 
| /* Override any GCC internal prototype to avoid an error.
|    Use char because int might match the return type of a GCC
|    builtin and then its argument prototype would still apply.  */
| #ifdef __cplusplus
| extern "C"
| #endif
| char sgemm_ ();
| #ifdef FC_DUMMY_MAIN
| #ifndef FC_DUMMY_MAIN_EQ_F77
| #  ifdef __cplusplus
|      extern "C"
| #  endif
|    int FC_DUMMY_MAIN() { return 1; }
| #endif
| #endif
| int
| main ()
| {
| return sgemm_ ();
|   ;
|   return 0;
| }
configure:7309: result: no
configure:7317: checking for sgemm_ in -lopenblas
configure:7350: g++ -o conftest -g -O2 -std=gnu++11   conftest.cpp -lopenblas  -lgsl -lgslcblas -lm -lmpi   -L/usr/lib/gcc/x86_64-redhat-linux/4.8.3 -L/usr/lib/gcc/x86_64-redhat-linux/4.8.3/../../../../lib64 -L/lib/../lib64 -L/usr/lib/../lib64 -L/usr/lib/gcc/x86_64-redhat-linux/4.8.3/../../.. -lgsl -lgslcblas -lgfortran -lm -lmpi -lquadmath >&5
/usr/bin/ld: cannot find -lopenblas
collect2: error: ld returned 1 exit status
configure:7350: $? = 1
configure: failed program was:
| /* confdefs.h */
| #define PACKAGE_NAME "dsmh"
| #define PACKAGE_TARNAME "dsmh"
| #define PACKAGE_VERSION "1.0"
| #define PACKAGE_STRING "dsmh 1.0"
| #define PACKAGE_BUGREPORT "hongwei.wu@atl.frb.org"
| #define PACKAGE_URL ""
| #define PACKAGE "dsmh"
| #define VERSION "1.0"
| #define STDC_HEADERS 1
| #define HAVE_SYS_TYPES_H 1
| #define HAVE_SYS_STAT_H 1
| #define HAVE_STDLIB_H 1
| #define HAVE_STRING_H 1
| #define HAVE_MEMORY_H 1
| #define HAVE_STRINGS_H 1
| #define HAVE_INTTYPES_H 1
| #define HAVE_STDINT_H 1
| #define HAVE_UNISTD_H 1
| #define HAVE_MPI 1
| #define HAVE_LIBM 1
| #define HAVE_LIBGSLCBLAS 1
| #define HAVE_LIBGSL 1
| /* end confdefs.h.  */
| 
| /* Override any GCC internal prototype to avoid an error.
|    Use char because int might match the return type of a GCC
|    builtin and then its argument prototype would still apply.  */
| #ifdef __cplusplus
| extern "C"
| #endif
| char sgemm_ ();
| #ifdef FC_DUMMY_MAIN
| #ifndef FC_DUMMY_MAIN_EQ_F77
| #  ifdef __cplusplus
|      extern "C"
| #  endif
|    int FC_DUMMY_MAIN() { return 1; }
| #endif
| #endif
| int
| main ()
| {
| return sgemm_ ();
|   ;
|   return 0;
| }
configure:7360: result: no
configure:7371: checking for ATL_xerbla in -latlas
configure:7404: g++ -o conftest -g -O2 -std=gnu++11   conftest.cpp -latlas  -lgsl -lgslcblas -lm -lmpi   -L/usr/lib/gcc/x86_64-redhat-linux/4.8.3 -L/usr/lib/gcc/x86_64-redhat-linux/4.8.3/../../../../lib64 -L/lib/../lib64 -L/usr/lib/../lib64 -L/usr/lib/gcc/x86_64-redhat-linux/4.8.3/../../.. -lgsl -lgslcblas -lgfortran -lm -lmpi -lquadmath >&5
/usr/bin/ld: cannot find -latlas
collect2: error: ld returned 1 exit status
configure:7404: $? = 1
configure: failed program was:
| /* confdefs.h */
| #define PACKAGE_NAME "dsmh"
| #define PACKAGE_TARNAME "dsmh"
| #define PACKAGE_VERSION "1.0"
| #define PACKAGE_STRING "dsmh 1.0"
| #define PACKAGE_BUGREPORT "hongwei.wu@atl.frb.org"
| #define PACKAGE_URL ""
| #define PACKAGE "dsmh"
| #define VERSION "1.0"
| #define STDC_HEADERS 1
| #define HAVE_SYS_TYPES_H 1
| #define HAVE_SYS_STAT_H 1
| #define HAVE_STDLIB_H 1
| #define HAVE_STRING_H 1
| #define HAVE_MEMORY_H 1
| #define HAVE_STRINGS_H 1
| #define HAVE_INTTYPES_H 1
| #define HAVE_STDINT_H 1
| #define HAVE_UNISTD_H 1
| #define HAVE_MPI 1
| #define HAVE_LIBM 1
| #define HAVE_LIBGSLCBLAS 1
| #define HAVE_LIBGSL 1
| /* end confdefs.h.  */
| 
| /* Override any GCC internal prototype to avoid an error.
|    Use char because int might match the return type of a GCC
|    builtin and then its argument prototype would still apply.  */
| #ifdef __cplusplus
| extern "C"
| #endif
| char ATL_xerbla ();
| #ifdef FC_DUMMY_MAIN
| #ifndef FC_DUMMY_MAIN_EQ_F77
| #  ifdef __cplusplus
|      extern "C"
| #  endif
|    int FC_DUMMY_MAIN() { return 1; }
| #endif
| #endif
| int
| main ()
| {
| return ATL_xerbla ();
|   ;
|   return 0;
| }
configure:7413: result: no
configure:7521: checking for sgemm_ in -lblas
configure:7554: g++ -o conftest -g -O2 -std=gnu++11   conftest.cpp -lblas  -lgsl -lgslcblas -lm -lmpi   -L/usr/lib/gcc/x86_64-redhat-linux/4.8.3 -L/usr/lib/gcc/x86_64-redhat-linux/4.8.3/../../../../lib64 -L/lib/../lib64 -L/usr/lib/../lib64 -L/usr/lib/gcc/x86_64-redhat-linux/4.8.3/../../.. -lgsl -lgslcblas -lgfortran -lm -lmpi -lquadmath >&5
configure:7554: $? = 0
configure:7564: result: yes
configure:7568: checking for dgemm_ in -ldgemm
configure:7601: g++ -o conftest -g -O2 -std=gnu++11   conftest.cpp -ldgemm -lblas -lgsl -lgslcblas -lm -lmpi   -L/usr/lib/gcc/x86_64-redhat-linux/4.8.3 -L/usr/lib/gcc/x86_64-redhat-linux/4.8.3/../../../../lib64 -L/lib/../lib64 -L/usr/lib/../lib64 -L/usr/lib/gcc/x86_64-redhat-linux/4.8.3/../../.. -lgsl -lgslcblas -lgfortran -lm -lmpi -lquadmath >&5
/usr/bin/ld: cannot find -ldgemm
collect2: error: ld returned 1 exit status
configure:7601: $? = 1
configure: failed program was:
| /* confdefs.h */
| #define PACKAGE_NAME "dsmh"
| #define PACKAGE_TARNAME "dsmh"
| #define PACKAGE_VERSION "1.0"
| #define PACKAGE_STRING "dsmh 1.0"
| #define PACKAGE_BUGREPORT "hongwei.wu@atl.frb.org"
| #define PACKAGE_URL ""
| #define PACKAGE "dsmh"
| #define VERSION "1.0"
| #define STDC_HEADERS 1
| #define HAVE_SYS_TYPES_H 1
| #define HAVE_SYS_STAT_H 1
| #define HAVE_STDLIB_H 1
| #define HAVE_STRING_H 1
| #define HAVE_MEMORY_H 1
| #define HAVE_STRINGS_H 1
| #define HAVE_INTTYPES_H 1
| #define HAVE_STDINT_H 1
| #define HAVE_UNISTD_H 1
| #define HAVE_MPI 1
| #define HAVE_LIBM 1
| #define HAVE_LIBGSLCBLAS 1
| #define HAVE_LIBGSL 1
| /* end confdefs.h.  */
| 
| /* Override any GCC internal prototype to avoid an error.
|    Use char because int might match the return type of a GCC
|    builtin and then its argument prototype would still apply.  */
| #ifdef __cplusplus
| extern "C"
| #endif
| char dgemm_ ();
| #ifdef FC_DUMMY_MAIN
| #ifndef FC_DUMMY_MAIN_EQ_F77
| #  ifdef __cplusplus
|      extern "C"
| #  endif
|    int FC_DUMMY_MAIN() { return 1; }
| #endif
| #endif
| int
| main ()
| {
| return dgemm_ ();
|   ;
|   return 0;
| }
configure:7611: result: no
configure:7677: checking for sgemm_ in -lmkl_gf_lp64
configure:7710: g++ -o conftest -g -O2 -std=gnu++11   conftest.cpp -lmkl_gf_lp64 -lmkl_gf_lp64 -lmkl_sequential -lmkl_core -lpthread -lgsl -lgslcblas -lm -lmpi   -L/usr/lib/gcc/x86_64-redhat-linux/4.8.3 -L/usr/lib/gcc/x86_64-redhat-linux/4.8.3/../../../../lib64 -L/lib/../lib64 -L/usr/lib/../lib64 -L/usr/lib/gcc/x86_64-redhat-linux/4.8.3/../../.. -lgsl -lgslcblas -lgfortran -lm -lmpi -lquadmath >&5
/usr/bin/ld: cannot find -lmkl_gf_lp64
/usr/bin/ld: cannot find -lmkl_gf_lp64
/usr/bin/ld: cannot find -lmkl_sequential
/usr/bin/ld: cannot find -lmkl_core
collect2: error: ld returned 1 exit status
configure:7710: $? = 1
configure: failed program was:
| /* confdefs.h */
| #define PACKAGE_NAME "dsmh"
| #define PACKAGE_TARNAME "dsmh"
| #define PACKAGE_VERSION "1.0"
| #define PACKAGE_STRING "dsmh 1.0"
| #define PACKAGE_BUGREPORT "hongwei.wu@atl.frb.org"
| #define PACKAGE_URL ""
| #define PACKAGE "dsmh"
| #define VERSION "1.0"
| #define STDC_HEADERS 1
| #define HAVE_SYS_TYPES_H 1
| #define HAVE_SYS_STAT_H 1
| #define HAVE_STDLIB_H 1
| #define HAVE_STRING_H 1
| #define HAVE_MEMORY_H 1
| #define HAVE_STRINGS_H 1
| #define HAVE_INTTYPES_H 1
| #define HAVE_STDINT_H 1
| #define HAVE_UNISTD_H 1
| #define HAVE_MPI 1
| #define HAVE_LIBM 1
| #define HAVE_LIBGSLCBLAS 1
| #define HAVE_LIBGSL 1
| /* end confdefs.h.  */
| 
| /* Override any GCC internal prototype to avoid an error.
|    Use char because int might match the return type of a GCC
|    builtin and then its argument prototype would still apply.  */
| #ifdef __cplusplus
| extern "C"
| #endif
| char sgemm_ ();
| #ifdef FC_DUMMY_MAIN
| #ifndef FC_DUMMY_MAIN_EQ_F77
| #  ifdef __cplusplus
|      extern "C"
| #  endif
|    int FC_DUMMY_MAIN() { return 1; }
| #endif
| #endif
| int
| main ()
| {
| return sgemm_ ();
|   ;
|   return 0;
| }
configure:7720: result: no
configure:7891: checking for sgemm_ in -lmkl
configure:7924: g++ -o conftest -g -O2 -std=gnu++11   conftest.cpp -lmkl -lguide -lpthread -lgsl -lgslcblas -lm -lmpi   -L/usr/lib/gcc/x86_64-redhat-linux/4.8.3 -L/usr/lib/gcc/x86_64-redhat-linux/4.8.3/../../../../lib64 -L/lib/../lib64 -L/usr/lib/../lib64 -L/usr/lib/gcc/x86_64-redhat-linux/4.8.3/../../.. -lgsl -lgslcblas -lgfortran -lm -lmpi -lquadmath >&5
/usr/bin/ld: cannot find -lmkl
/usr/bin/ld: cannot find -lguide
collect2: error: ld returned 1 exit status
configure:7924: $? = 1
configure: failed program was:
| /* confdefs.h */
| #define PACKAGE_NAME "dsmh"
| #define PACKAGE_TARNAME "dsmh"
| #define PACKAGE_VERSION "1.0"
| #define PACKAGE_STRING "dsmh 1.0"
| #define PACKAGE_BUGREPORT "hongwei.wu@atl.frb.org"
| #define PACKAGE_URL ""
| #define PACKAGE "dsmh"
| #define VERSION "1.0"
| #define STDC_HEADERS 1
| #define HAVE_SYS_TYPES_H 1
| #define HAVE_SYS_STAT_H 1
| #define HAVE_STDLIB_H 1
| #define HAVE_STRING_H 1
| #define HAVE_MEMORY_H 1
| #define HAVE_STRINGS_H 1
| #define HAVE_INTTYPES_H 1
| #define HAVE_STDINT_H 1
| #define HAVE_UNISTD_H 1
| #define HAVE_MPI 1
| #define HAVE_LIBM 1
| #define HAVE_LIBGSLCBLAS 1
| #define HAVE_LIBGSL 1
| /* end confdefs.h.  */
| 
| /* Override any GCC internal prototype to avoid an error.
|    Use char because int might match the return type of a GCC
|    builtin and then its argument prototype would still apply.  */
| #ifdef __cplusplus
| extern "C"
| #endif
| char sgemm_ ();
| #ifdef FC_DUMMY_MAIN
| #ifndef FC_DUMMY_MAIN_EQ_F77
| #  ifdef __cplusplus
|      extern "C"
| #  endif
|    int FC_DUMMY_MAIN() { return 1; }
| #endif
| #endif
| int
| main ()
| {
| return sgemm_ ();
|   ;
|   return 0;
| }
configure:7934: result: no
configure:7945: checking for sgemm_ in -framework vecLib
configure:7973: g++ -o conftest -g -O2 -std=gnu++11   conftest.cpp -framework vecLib -lgsl -lgslcblas -lm -lmpi   -L/usr/lib/gcc/x86_64-redhat-linux/4.8.3 -L/usr/lib/gcc/x86_64-redhat-linux/4.8.3/../../../../lib64 -L/lib/../lib64 -L/usr/lib/../lib64 -L/usr/lib/gcc/x86_64-redhat-linux/4.8.3/../../.. -lgsl -lgslcblas -lgfortran -lm -lmpi -lquadmath >&5
g++: error: vecLib: No such file or directory
g++: error: unrecognized command line option '-framework'
configure:7973: $? = 1
configure: failed program was:
| /* confdefs.h */
| #define PACKAGE_NAME "dsmh"
| #define PACKAGE_TARNAME "dsmh"
| #define PACKAGE_VERSION "1.0"
| #define PACKAGE_STRING "dsmh 1.0"
| #define PACKAGE_BUGREPORT "hongwei.wu@atl.frb.org"
| #define PACKAGE_URL ""
| #define PACKAGE "dsmh"
| #define VERSION "1.0"
| #define STDC_HEADERS 1
| #define HAVE_SYS_TYPES_H 1
| #define HAVE_SYS_STAT_H 1
| #define HAVE_STDLIB_H 1
| #define HAVE_STRING_H 1
| #define HAVE_MEMORY_H 1
| #define HAVE_STRINGS_H 1
| #define HAVE_INTTYPES_H 1
| #define HAVE_STDINT_H 1
| #define HAVE_UNISTD_H 1
| #define HAVE_MPI 1
| #define HAVE_LIBM 1
| #define HAVE_LIBGSLCBLAS 1
| #define HAVE_LIBGSL 1
| /* end confdefs.h.  */
| 
| /* Override any GCC internal prototype to avoid an error.
|    Use char because int might match the return type of a GCC
|    builtin and then its argument prototype would still apply.  */
| #ifdef __cplusplus
| extern "C"
| #endif
| char sgemm_ ();
| #ifdef FC_DUMMY_MAIN
| #ifndef FC_DUMMY_MAIN_EQ_F77
| #  ifdef __cplusplus
|      extern "C"
| #  endif
|    int FC_DUMMY_MAIN() { return 1; }
| #endif
| #endif
| int
| main ()
| {
| return sgemm_ ();
|   ;
|   return 0;
| }
configure:7978: result: no
configure:7986: checking for sgemm_ in -lcxml
configure:8019: g++ -o conftest -g -O2 -std=gnu++11   conftest.cpp -lcxml  -lgsl -lgslcblas -lm -lmpi   -L/usr/lib/gcc/x86_64-redhat-linux/4.8.3 -L/usr/lib/gcc/x86_64-redhat-linux/4.8.3/../../../../lib64 -L/lib/../lib64 -L/usr/lib/../lib64 -L/usr/lib/gcc/x86_64-redhat-linux/4.8.3/../../.. -lgsl -lgslcblas -lgfortran -lm -lmpi -lquadmath >&5
/usr/bin/ld: cannot find -lcxml
collect2: error: ld returned 1 exit status
configure:8019: $? = 1
configure: failed program was:
| /* confdefs.h */
| #define PACKAGE_NAME "dsmh"
| #define PACKAGE_TARNAME "dsmh"
| #define PACKAGE_VERSION "1.0"
| #define PACKAGE_STRING "dsmh 1.0"
| #define PACKAGE_BUGREPORT "hongwei.wu@atl.frb.org"
| #define PACKAGE_URL ""
| #define PACKAGE "dsmh"
| #define VERSION "1.0"
| #define STDC_HEADERS 1
| #define HAVE_SYS_TYPES_H 1
| #define HAVE_SYS_STAT_H 1
| #define HAVE_STDLIB_H 1
| #define HAVE_STRING_H 1
| #define HAVE_MEMORY_H 1
| #define HAVE_STRINGS_H 1
| #define HAVE_INTTYPES_H 1
| #define HAVE_STDINT_H 1
| #define HAVE_UNISTD_H 1
| #define HAVE_MPI 1
| #define HAVE_LIBM 1
| #define HAVE_LIBGSLCBLAS 1
| #define HAVE_LIBGSL 1
| /* end confdefs.h.  */
| 
| /* Override any GCC internal prototype to avoid an error.
|    Use char because int might match the return type of a GCC
|    builtin and then its argument prototype would still apply.  */
| #ifdef __cplusplus
| extern "C"
| #endif
| char sgemm_ ();
| #ifdef FC_DUMMY_MAIN
| #ifndef FC_DUMMY_MAIN_EQ_F77
| #  ifdef __cplusplus
|      extern "C"
| #  endif
|    int FC_DUMMY_MAIN() { return 1; }
| #endif
| #endif
| int
| main ()
| {
| return sgemm_ ();
|   ;
|   return 0;
| }
configure:8029: result: no
configure:8040: checking for sgemm_ in -ldxml
configure:8073: g++ -o conftest -g -O2 -std=gnu++11   conftest.cpp -ldxml  -lgsl -lgslcblas -lm -lmpi   -L/usr/lib/gcc/x86_64-redhat-linux/4.8.3 -L/usr/lib/gcc/x86_64-redhat-linux/4.8.3/../../../../lib64 -L/lib/../lib64 -L/usr/lib/../lib64 -L/usr/lib/gcc/x86_64-redhat-linux/4.8.3/../../.. -lgsl -lgslcblas -lgfortran -lm -lmpi -lquadmath >&5
/usr/bin/ld: cannot find -ldxml
collect2: error: ld returned 1 exit status
configure:8073: $? = 1
configure: failed program was:
| /* confdefs.h */
| #define PACKAGE_NAME "dsmh"
| #define PACKAGE_TARNAME "dsmh"
| #define PACKAGE_VERSION "1.0"
| #define PACKAGE_STRING "dsmh 1.0"
| #define PACKAGE_BUGREPORT "hongwei.wu@atl.frb.org"
| #define PACKAGE_URL ""
| #define PACKAGE "dsmh"
| #define VERSION "1.0"
| #define STDC_HEADERS 1
| #define HAVE_SYS_TYPES_H 1
| #define HAVE_SYS_STAT_H 1
| #define HAVE_STDLIB_H 1
| #define HAVE_STRING_H 1
| #define HAVE_MEMORY_H 1
| #define HAVE_STRINGS_H 1
| #define HAVE_INTTYPES_H 1
| #define HAVE_STDINT_H 1
| #define HAVE_UNISTD_H 1
| #define HAVE_MPI 1
| #define HAVE_LIBM 1
| #define HAVE_LIBGSLCBLAS 1
| #define HAVE_LIBGSL 1
| /* end confdefs.h.  */
| 
| /* Override any GCC internal prototype to avoid an error.
|    Use char because int might match the return type of a GCC
|    builtin and then its argument prototype would still apply.  */
| #ifdef __cplusplus
| extern "C"
| #endif
| char sgemm_ ();
| #ifdef FC_DUMMY_MAIN
| #ifndef FC_DUMMY_MAIN_EQ_F77
| #  ifdef __cplusplus
|      extern "C"
| #  endif
|    int FC_DUMMY_MAIN() { return 1; }
| #endif
| #endif
| int
| main ()
| {
| return sgemm_ ();
|   ;
|   return 0;
| }
configure:8083: result: no
configure:8198: checking for sgemm_ in -lscs
configure:8231: g++ -o conftest -g -O2 -std=gnu++11   conftest.cpp -lscs  -lgsl -lgslcblas -lm -lmpi   -L/usr/lib/gcc/x86_64-redhat-linux/4.8.3 -L/usr/lib/gcc/x86_64-redhat-linux/4.8.3/../../../../lib64 -L/lib/../lib64 -L/usr/lib/../lib64 -L/usr/lib/gcc/x86_64-redhat-linux/4.8.3/../../.. -lgsl -lgslcblas -lgfortran -lm -lmpi -lquadmath >&5
/usr/bin/ld: cannot find -lscs
collect2: error: ld returned 1 exit status
configure:8231: $? = 1
configure: failed program was:
| /* confdefs.h */
| #define PACKAGE_NAME "dsmh"
| #define PACKAGE_TARNAME "dsmh"
| #define PACKAGE_VERSION "1.0"
| #define PACKAGE_STRING "dsmh 1.0"
| #define PACKAGE_BUGREPORT "hongwei.wu@atl.frb.org"
| #define PACKAGE_URL ""
| #define PACKAGE "dsmh"
| #define VERSION "1.0"
| #define STDC_HEADERS 1
| #define HAVE_SYS_TYPES_H 1
| #define HAVE_SYS_STAT_H 1
| #define HAVE_STDLIB_H 1
| #define HAVE_STRING_H 1
| #define HAVE_MEMORY_H 1
| #define HAVE_STRINGS_H 1
| #define HAVE_INTTYPES_H 1
| #define HAVE_STDINT_H 1
| #define HAVE_UNISTD_H 1
| #define HAVE_MPI 1
| #define HAVE_LIBM 1
| #define HAVE_LIBGSLCBLAS 1
| #define HAVE_LIBGSL 1
| /* end confdefs.h.  */
| 
| /* Override any GCC internal prototype to avoid an error.
|    Use char because int might match the return type of a GCC
|    builtin and then its argument prototype would still apply.  */
| #ifdef __cplusplus
| extern "C"
| #endif
| char sgemm_ ();
| #ifdef FC_DUMMY_MAIN
| #ifndef FC_DUMMY_MAIN_EQ_F77
| #  ifdef __cplusplus
|      extern "C"
| #  endif
|    int FC_DUMMY_MAIN() { return 1; }
| #endif
| #endif
| int
| main ()
| {
| return sgemm_ ();
|   ;
|   return 0;
| }
configure:8241: result: no
configure:8252: checking for sgemm_ in -lcomplib.sgimath
configure:8285: g++ -o conftest -g -O2 -std=gnu++11   conftest.cpp -lcomplib.sgimath  -lgsl -lgslcblas -lm -lmpi   -L/usr/lib/gcc/x86_64-redhat-linux/4.8.3 -L/usr/lib/gcc/x86_64-redhat-linux/4.8.3/../../../../lib64 -L/lib/../lib64 -L/usr/lib/../lib64 -L/usr/lib/gcc/x86_64-redhat-linux/4.8.3/../../.. -lgsl -lgslcblas -lgfortran -lm -lmpi -lquadmath >&5
/usr/bin/ld: cannot find -lcomplib.sgimath
collect2: error: ld returned 1 exit status
configure:8285: $? = 1
configure: failed program was:
| /* confdefs.h */
| #define PACKAGE_NAME "dsmh"
| #define PACKAGE_TARNAME "dsmh"
| #define PACKAGE_VERSION "1.0"
| #define PACKAGE_STRING "dsmh 1.0"
| #define PACKAGE_BUGREPORT "hongwei.wu@atl.frb.org"
| #define PACKAGE_URL ""
| #define PACKAGE "dsmh"
| #define VERSION "1.0"
| #define STDC_HEADERS 1
| #define HAVE_SYS_TYPES_H 1
| #define HAVE_SYS_STAT_H 1
| #define HAVE_STDLIB_H 1
| #define HAVE_STRING_H 1
| #define HAVE_MEMORY_H 1
| #define HAVE_STRINGS_H 1
| #define HAVE_INTTYPES_H 1
| #define HAVE_STDINT_H 1
| #define HAVE_UNISTD_H 1
| #define HAVE_MPI 1
| #define HAVE_LIBM 1
| #define HAVE_LIBGSLCBLAS 1
| #define HAVE_LIBGSL 1
| /* end confdefs.h.  */
| 
| /* Override any GCC internal prototype to avoid an error.
|    Use char because int might match the return type of a GCC
|    builtin and then its argument prototype would still apply.  */
| #ifdef __cplusplus
| extern "C"
| #endif
| char sgemm_ ();
| #ifdef FC_DUMMY_MAIN
| #ifndef FC_DUMMY_MAIN_EQ_F77
| #  ifdef __cplusplus
|      extern "C"
| #  endif
|    int FC_DUMMY_MAIN() { return 1; }
| #endif
| #endif
| int
| main ()
| {
| return sgemm_ ();
|   ;
|   return 0;
| }
configure:8295: result: no
configure:8306: checking for sgemm_ in -lblas
configure:8349: result: yes
configure:8353: checking for sgemm_ in -lessl
configure:8386: g++ -o conftest -g -O2 -std=gnu++11   conftest.cpp -lessl -lblas  -L/usr/lib/gcc/x86_64-redhat-linux/4.8.3 -L/usr/lib/gcc/x86_64-redhat-linux/4.8.3/../../../../lib64 -L/lib/../lib64 -L/usr/lib/../lib64 -L/usr/lib/gcc/x86_64-redhat-linux/4.8.3/../../.. -lgsl -lgslcblas -lgfortran -lm -lmpi -lquadmath -lgsl -lgslcblas -lm -lmpi   -L/usr/lib/gcc/x86_64-redhat-linux/4.8.3 -L/usr/lib/gcc/x86_64-redhat-linux/4.8.3/../../../../lib64 -L/lib/../lib64 -L/usr/lib/../lib64 -L/usr/lib/gcc/x86_64-redhat-linux/4.8.3/../../.. -lgsl -lgslcblas -lgfortran -lm -lmpi -lquadmath >&5
/usr/bin/ld: cannot find -lessl
collect2: error: ld returned 1 exit status
configure:8386: $? = 1
configure: failed program was:
| /* confdefs.h */
| #define PACKAGE_NAME "dsmh"
| #define PACKAGE_TARNAME "dsmh"
| #define PACKAGE_VERSION "1.0"
| #define PACKAGE_STRING "dsmh 1.0"
| #define PACKAGE_BUGREPORT "hongwei.wu@atl.frb.org"
| #define PACKAGE_URL ""
| #define PACKAGE "dsmh"
| #define VERSION "1.0"
| #define STDC_HEADERS 1
| #define HAVE_SYS_TYPES_H 1
| #define HAVE_SYS_STAT_H 1
| #define HAVE_STDLIB_H 1
| #define HAVE_STRING_H 1
| #define HAVE_MEMORY_H 1
| #define HAVE_STRINGS_H 1
| #define HAVE_INTTYPES_H 1
| #define HAVE_STDINT_H 1
| #define HAVE_UNISTD_H 1
| #define HAVE_MPI 1
| #define HAVE_LIBM 1
| #define HAVE_LIBGSLCBLAS 1
| #define HAVE_LIBGSL 1
| /* end confdefs.h.  */
| 
| /* Override any GCC internal prototype to avoid an error.
|    Use char because int might match the return type of a GCC
|    builtin and then its argument prototype would still apply.  */
| #ifdef __cplusplus
| extern "C"
| #endif
| char sgemm_ ();
| #ifdef FC_DUMMY_MAIN
| #ifndef FC_DUMMY_MAIN_EQ_F77
| #  ifdef __cplusplus
|      extern "C"
| #  endif
|    int FC_DUMMY_MAIN() { return 1; }
| #endif
| #endif
| int
| main ()
| {
| return sgemm_ ();
|   ;
|   return 0;
| }
configure:8396: result: no
configure:8409: checking for sgemm_ in -lblas
configure:8452: result: yes
configure:8569: checking for cheev_
configure:8569: g++ -o conftest -g -O2 -std=gnu++11   conftest.cpp -lgsl -lgslcblas -lm -lmpi  -lblas  -L/usr/lib/gcc/x86_64-redhat-linux/4.8.3 -L/usr/lib/gcc/x86_64-redhat-linux/4.8.3/../../../../lib64 -L/lib/../lib64 -L/usr/lib/../lib64 -L/usr/lib/gcc/x86_64-redhat-linux/4.8.3/../../.. -lgsl -lgslcblas -lgfortran -lm -lmpi -lquadmath >&5
/tmp/ccqLZ6xn.o: In function `main':
/home/hongweiwu/dsmh_package/conftest.cpp:68: undefined reference to `cheev_'
collect2: error: ld returned 1 exit status
configure:8569: $? = 1
configure: failed program was:
| /* confdefs.h */
| #define PACKAGE_NAME "dsmh"
| #define PACKAGE_TARNAME "dsmh"
| #define PACKAGE_VERSION "1.0"
| #define PACKAGE_STRING "dsmh 1.0"
| #define PACKAGE_BUGREPORT "hongwei.wu@atl.frb.org"
| #define PACKAGE_URL ""
| #define PACKAGE "dsmh"
| #define VERSION "1.0"
| #define STDC_HEADERS 1
| #define HAVE_SYS_TYPES_H 1
| #define HAVE_SYS_STAT_H 1
| #define HAVE_STDLIB_H 1
| #define HAVE_STRING_H 1
| #define HAVE_MEMORY_H 1
| #define HAVE_STRINGS_H 1
| #define HAVE_INTTYPES_H 1
| #define HAVE_STDINT_H 1
| #define HAVE_UNISTD_H 1
| #define HAVE_MPI 1
| #define HAVE_LIBM 1
| #define HAVE_LIBGSLCBLAS 1
| #define HAVE_LIBGSL 1
| #define HAVE_BLAS 1
| /* end confdefs.h.  */
| /* Define cheev_ to an innocuous variant, in case <limits.h> declares cheev_.
|    For example, HP-UX 11i <limits.h> declares gettimeofday.  */
| #define cheev_ innocuous_cheev_
| 
| /* System header to define __stub macros and hopefully few prototypes,
|     which can conflict with char cheev_ (); below.
|     Prefer <limits.h> to <assert.h> if __STDC__ is defined, since
|     <limits.h> exists even on freestanding compilers.  */
| 
| #ifdef __STDC__
| # include <limits.h>
| #else
| # include <assert.h>
| #endif
| 
| #undef cheev_
| 
| /* Override any GCC internal prototype to avoid an error.
|    Use char because int might match the return type of a GCC
|    builtin and then its argument prototype would still apply.  */
| #ifdef __cplusplus
| extern "C"
| #endif
| char cheev_ ();
| /* The GNU C library defines this for functions which it implements
|     to always fail with ENOSYS.  Some functions are actually named
|     something starting with __ and the normal name is an alias.  */
| #if defined __stub_cheev_ || defined __stub___cheev_
| choke me
| #endif
| 
| #ifdef FC_DUMMY_MAIN
| #ifndef FC_DUMMY_MAIN_EQ_F77
| #  ifdef __cplusplus
|      extern "C"
| #  endif
|    int FC_DUMMY_MAIN() { return 1; }
| #endif
| #endif
| int
| main ()
| {
| return cheev_ ();
|   ;
|   return 0;
| }
configure:8569: result: no
configure:8582: checking for cheev_ in -llapack
configure:8615: g++ -o conftest -g -O2 -std=gnu++11   conftest.cpp -llapack  -L/usr/lib/gcc/x86_64-redhat-linux/4.8.3 -L/usr/lib/gcc/x86_64-redhat-linux/4.8.3/../../../../lib64 -L/lib/../lib64 -L/usr/lib/../lib64 -L/usr/lib/gcc/x86_64-redhat-linux/4.8.3/../../.. -lgsl -lgslcblas -lgfortran -lm -lmpi -lquadmath -lblas -lgsl -lgslcblas -lm -lmpi  >&5
configure:8615: $? = 0
configure:8625: result: yes
configure:8806: checking that generated files are newer than configure
configure:8812: result: done
configure:8839: creating ./config.status

## ---------------- ##
## Cache variables. ##
## ---------------- ##

ac_cv_build=x86_64-unknown-linux-gnu
ac_cv_c_compiler_gnu=yes
ac_cv_cxx_compiler_gnu=yes
ac_cv_env_CCC_set=
ac_cv_env_CCC_value=
ac_cv_env_CC_set=
ac_cv_env_CC_value=
ac_cv_env_CFLAGS_set=
ac_cv_env_CFLAGS_value=
ac_cv_env_CPPFLAGS_set=
ac_cv_env_CPPFLAGS_value=
ac_cv_env_CXXCPP_set=
ac_cv_env_CXXCPP_value=
ac_cv_env_CXXFLAGS_set=
ac_cv_env_CXXFLAGS_value=
ac_cv_env_CXX_set=
ac_cv_env_CXX_value=
ac_cv_env_FCFLAGS_set=
ac_cv_env_FCFLAGS_value=
ac_cv_env_FC_set=
ac_cv_env_FC_value=
ac_cv_env_LDFLAGS_set=
ac_cv_env_LDFLAGS_value=
ac_cv_env_LIBS_set=
ac_cv_env_LIBS_value=
ac_cv_env_MPICXX_set=
ac_cv_env_MPICXX_value=
ac_cv_env_build_alias_set=
ac_cv_env_build_alias_value=
ac_cv_env_host_alias_set=
ac_cv_env_host_alias_value=
ac_cv_env_target_alias_set=
ac_cv_env_target_alias_value=
ac_cv_fc_compiler_gnu=yes
ac_cv_fc_dummy_main=none
ac_cv_fc_libs=' -L/usr/lib/gcc/x86_64-redhat-linux/4.8.3 -L/usr/lib/gcc/x86_64-redhat-linux/4.8.3/../../../../lib64 -L/lib/../lib64 -L/usr/lib/../lib64 -L/usr/lib/gcc/x86_64-redhat-linux/4.8.3/../../.. -lgsl -lgslcblas -lgfortran -lm -lmpi -lquadmath'
ac_cv_fc_mangling='lower case, underscore, no extra underscore'
ac_cv_fortran_dummy_main=none
ac_cv_func_cheev_=no
ac_cv_header_inttypes_h=yes
ac_cv_header_memory_h=yes
ac_cv_header_stdc=yes
ac_cv_header_stdint_h=yes
ac_cv_header_stdlib_h=yes
ac_cv_header_string_h=yes
ac_cv_header_strings_h=yes
ac_cv_header_sys_stat_h=yes
ac_cv_header_sys_types_h=yes
ac_cv_header_unistd_h=yes
ac_cv_host=x86_64-unknown-linux-gnu
ac_cv_lib_atlas_ATL_xerbla=no
ac_cv_lib_blas_sgemm_=yes
ac_cv_lib_complib_sgimath_sgemm_=no
ac_cv_lib_cxml_sgemm_=no
ac_cv_lib_dgemm_dgemm_=no
ac_cv_lib_dxml_sgemm_=no
ac_cv_lib_essl_sgemm_=no
ac_cv_lib_gsl_gsl_blas_dgemm=yes
ac_cv_lib_gslcblas_cblas_dgemm=yes
ac_cv_lib_lapack___cheev_=yes
ac_cv_lib_m_cos=yes
ac_cv_lib_mkl_gf_lp64_sgemm_=no
ac_cv_lib_mkl_sgemm_=no
ac_cv_lib_openblas_sgemm_=no
ac_cv_lib_scs_sgemm_=no
ac_cv_objext=o
ac_cv_path_EGREP='/usr/bin/grep -E'
ac_cv_path_GREP=/usr/bin/grep
ac_cv_path_install='/usr/bin/install -c'
ac_cv_path_mkdir=/usr/bin/mkdir
ac_cv_prog_AWK=gawk
ac_cv_prog_CXXCPP='g++ -E'
ac_cv_prog_ac_ct_CC=gcc
ac_cv_prog_ac_ct_CXX=g++
ac_cv_prog_ac_ct_FC=gfortran
ac_cv_prog_cc_c89=
ac_cv_prog_cc_g=yes
ac_cv_prog_cxx_g=yes
ac_cv_prog_fc_g=yes
ac_cv_prog_fc_v=-v
ac_cv_prog_make_make_set=yes
ac_cv_type_size_t=yes
am_cv_CC_dependencies_compiler_type=gcc3
am_cv_CXX_dependencies_compiler_type=gcc3
am_cv_make_support_nested_variables=yes
ax_cv_cxx_compile_cxx11=no
ax_cv_cxx_compile_cxx11__std_gnupp11=yes

## ----------------- ##
## Output variables. ##
## ----------------- ##

ACLOCAL='${SHELL} /home/hongweiwu/dsmh_package/missing aclocal-1.13'
AMDEPBACKSLASH='\'
AMDEP_FALSE='#'
AMDEP_TRUE=''
AMTAR='$${TAR-tar}'
AM_BACKSLASH='\'
AM_CXXFLAGS=''
AM_DEFAULT_V='$(AM_DEFAULT_VERBOSITY)'
AM_DEFAULT_VERBOSITY='1'
AM_LDFLAGS=''
AM_V='$(V)'
AUTOCONF='${SHELL} /home/hongweiwu/dsmh_package/missing autoconf'
AUTOHEADER='${SHELL} /home/hongweiwu/dsmh_package/missing autoheader'
AUTOMAKE='${SHELL} /home/hongweiwu/dsmh_package/missing automake-1.13'
AWK='gawk'
BLAS_LIBS='-lblas'
CC='gcc'
CCDEPMODE='depmode=gcc3'
CFLAGS='-g -O2'
CPPFLAGS=''
CXX='g++'
CXXCPP='g++ -E'
CXXDEPMODE='depmode=gcc3'
CXXFLAGS='-g -O2 -std=gnu++11'
CYGPATH_W='echo'
DEFS='-DPACKAGE_NAME=\"dsmh\" -DPACKAGE_TARNAME=\"dsmh\" -DPACKAGE_VERSION=\"1.0\" -DPACKAGE_STRING=\"dsmh\ 1.0\" -DPACKAGE_BUGREPORT=\"hongwei.wu@atl.frb.org\" -DPACKAGE_URL=\"\" -DPACKAGE=\"dsmh\" -DVERSION=\"1.0\" -DSTDC_HEADERS=1 -DHAVE_SYS_TYPES_H=1 -DHAVE_SYS_STAT_H=1 -DHAVE_STDLIB_H=1 -DHAVE_STRING_H=1 -DHAVE_MEMORY_H=1 -DHAVE_STRINGS_H=1 -DHAVE_INTTYPES_H=1 -DHAVE_STDINT_H=1 -DHAVE_UNISTD_H=1 -DHAVE_MPI=1 -DHAVE_LIBM=1 -DHAVE_LIBGSLCBLAS=1 -DHAVE_LIBGSL=1 -DHAVE_BLAS=1'
DEPDIR='.deps'
ECHO_C=''
ECHO_N='-n'
ECHO_T=''
EGREP='/usr/bin/grep -E'
EXEEXT=''
FC='gfortran'
FCFLAGS='-g -O2'
FCLIBS=' -L/usr/lib/gcc/x86_64-redhat-linux/4.8.3 -L/usr/lib/gcc/x86_64-redhat-linux/4.8.3/../../../../lib64 -L/lib/../lib64 -L/usr/lib/../lib64 -L/usr/lib/gcc/x86_64-redhat-linux/4.8.3/../../.. -lgsl -lgslcblas -lgfortran -lm -lmpi -lquadmath'
GREP='/usr/bin/grep'
HAVE_CXX11=''
INSTALL_DATA='${INSTALL} -m 644'
INSTALL_PROGRAM='${INSTALL}'
INSTALL_SCRIPT='${INSTALL}'
INSTALL_STRIP_PROGRAM='$(install_sh) -c -s'
LAPACK_LIBS='-llapack'
LDFLAGS=''
LIBOBJS=''
LIBS='-llapack -lblas  -L/usr/lib/gcc/x86_64-redhat-linux/4.8.3 -L/usr/lib/gcc/x86_64-redhat-linux/4.8.3/../../../../lib64 -L/lib/../lib64 -L/usr/lib/../lib64 -L/usr/lib/gcc/x86_64-redhat-linux/4.8.3/../../.. -lgsl -lgslcblas -lgfortran -lm -lmpi -lquadmath'
LTLIBOBJS=''
MAKEINFO='${SHELL} /home/hongweiwu/dsmh_package/missing makeinfo'
MKDIR_P='/usr/bin/mkdir -p'
MPICXX=''
OBJEXT='o'
PACKAGE='dsmh'
PACKAGE_BUGREPORT='hongwei.wu@atl.frb.org'
PACKAGE_NAME='dsmh'
PACKAGE_STRING='dsmh 1.0'
PACKAGE_TARNAME='dsmh'
PACKAGE_URL=''
PACKAGE_VERSION='1.0'
PATH_SEPARATOR=':'
SET_MAKE=''
SHELL='/bin/sh'
STRIP=''
VERSION='1.0'
ac_ct_CC='gcc'
ac_ct_CXX='g++'
ac_ct_FC='gfortran'
am__EXEEXT_FALSE=''
am__EXEEXT_TRUE='#'
am__fastdepCC_FALSE='#'
am__fastdepCC_TRUE=''
am__fastdepCXX_FALSE='#'
am__fastdepCXX_TRUE=''
am__include='include'
am__isrc=''
am__leading_dot='.'
am__nodep='_no'
am__quote=''
am__tar='$${TAR-tar} chof - "$$tardir"'
am__untar='$${TAR-tar} xf -'
bindir='${exec_prefix}/bin'
build='x86_64-unknown-linux-gnu'
build_alias=''
build_cpu='x86_64'
build_os='linux-gnu'
build_vendor='unknown'
datadir='${datarootdir}'
datarootdir='${prefix}/share'
docdir='${datarootdir}/doc/${PACKAGE_TARNAME}'
dvidir='${docdir}'
exec_prefix='${prefix}'
host='x86_64-unknown-linux-gnu'
host_alias=''
host_cpu='x86_64'
host_os='linux-gnu'
host_vendor='unknown'
htmldir='${docdir}'
includedir='${prefix}/include'
infodir='${datarootdir}/info'
install_sh='${SHELL} /home/hongweiwu/dsmh_package/install-sh'
libdir='${exec_prefix}/lib'
libexecdir='${exec_prefix}/libexec'
localedir='${datarootdir}/locale'
localstatedir='${prefix}/var'
mandir='${datarootdir}/man'
mkdir_p='$(MKDIR_P)'
oldincludedir='/usr/include'
pdfdir='${docdir}'
prefix='/home/hongweiwu/test_dsmh'
program_transform_name='s,x,x,'
psdir='${docdir}'
sbindir='${exec_prefix}/sbin'
sharedstatedir='${prefix}/com'
sysconfdir='${prefix}/etc'
target_alias=''

## ----------- ##
## confdefs.h. ##
## ----------- ##

/* confdefs.h */
#define PACKAGE_NAME "dsmh"
#define PACKAGE_TARNAME "dsmh"
#define PACKAGE_VERSION "1.0"
#define PACKAGE_STRING "dsmh 1.0"
#define PACKAGE_BUGREPORT "hongwei.wu@atl.frb.org"
#define PACKAGE_URL ""
#define PACKAGE "dsmh"
#define VERSION "1.0"
#define STDC_HEADERS 1
#define HAVE_SYS_TYPES_H 1
#define HAVE_SYS_STAT_H 1
#define HAVE_STDLIB_H 1
#define HAVE_STRING_H 1
#define HAVE_MEMORY_H 1
#define HAVE_STRINGS_H 1
#define HAVE_INTTYPES_H 1
#define HAVE_STDINT_H 1
#define HAVE_UNISTD_H 1
#define HAVE_MPI 1
#define HAVE_LIBM 1
#define HAVE_LIBGSLCBLAS 1
#define HAVE_LIBGSL 1
#define HAVE_BLAS 1

configure: exit 0

## ---------------------- ##
## Running config.status. ##
## ---------------------- ##

This file was extended by dsmh config.status 1.0, which was
generated by GNU Autoconf 2.69.  Invocation command line was

  CONFIG_FILES    = 
  CONFIG_HEADERS  = 
  CONFIG_LINKS    = 
  CONFIG_COMMANDS = 
  $ ./config.status 

on localhost.localdomain

config.status:804: creating Makefile
config.status:804: creating src/Makefile
config.status:976: executing depfiles commands
